open("/lib64/libonion_impl.so", O_RDONLY) = 3
read(3, "\177ELF\2\1\1\0\0\0\0\0\0\0\0\0\3\0>\0\1\0\0\0\260\n\0\0\0\0\0\0"..., 832) = 832
fstat(3, {st_mode=S_IFREG|0644, st_size=7880, ...}) = 0
mmap(NULL, 1079008, PROT_READ|PROT_EXEC, MAP_PRIVATE|MAP_DENYWRITE, 3, 0) = 0x7f28fd1c4000
mprotect(0x7f28fd1c6000, 1044480, PROT_NONE) = 0
mmap(0x7f28fd2c5000, 4096, PROT_READ|PROT_WRITE, MAP_PRIVATE|MAP_FIXED|MAP_DENYWRITE, 3, 0x1000) = 0x7f28fd2c5000
mmap(0x7f28fd2c6000, 22240, PROT_READ|PROT_WRITE, MAP_PRIVATE|MAP_FIXED|MAP_ANONYMOUS, -1, 0) = 0x7f28fd2c6000
close(3)                                = 0
munmap(0x7f28fd1c4000, 1079008)         = 0
execve("/usr/bin/curl", ["curl", "http://www.desidime.com/?categor"...], [/* 25 vars */]) = 0
brk(0)                                  = 0x21f7000
mmap(NULL, 4096, PROT_READ|PROT_WRITE, MAP_PRIVATE|MAP_ANONYMOUS, -1, 0) = 0x7f0d6b06d000
access("/etc/ld.so.preload", R_OK)      = 0
open("/etc/ld.so.preload", O_RDONLY)    = 3
fstat(3, {st_mode=S_IFREG|0666, st_size=18, ...}) = 0
mmap(NULL, 18, PROT_READ|PROT_WRITE, MAP_PRIVATE, 3, 0) = 0x7f0d6b06c000
close(3)                                = 0
readlink("/proc/self/exe", "/usr/bin/curl", 4096) = 13
open("/lib64/libonion.so", O_RDONLY)    = 3
read(3, "\177ELF\2\1\1\0\0\0\0\0\0\0\0\0\3\0>\0\1\0\0\0\320\10\0\0\0\0\0\0"..., 832) = 832
fstat(3, {st_mode=S_IFREG|0644, st_size=7744, ...}) = 0
mmap(NULL, 1054296, PROT_READ|PROT_EXEC, MAP_PRIVATE|MAP_DENYWRITE, 3, 0) = 0x7f0d6af6a000
mprotect(0x7f0d6af6c000, 1044480, PROT_NONE) = 0
mmap(0x7f0d6b06b000, 4096, PROT_READ|PROT_WRITE, MAP_PRIVATE|MAP_FIXED|MAP_DENYWRITE, 3, 0x1000) = 0x7f0d6b06b000
close(3)                                = 0
munmap(0x7f0d6b06c000, 18)              = 0
open("/etc/ld.so.cache", O_RDONLY)      = 3
fstat(3, {st_mode=S_IFREG|0644, st_size=65166, ...}) = 0
mmap(NULL, 65166, PROT_READ, MAP_PRIVATE, 3, 0) = 0x7f0d6af5a000
close(3)                                = 0
open("/usr/lib64/libcurl.so.4", O_RDONLY) = 3
read(3, "\177ELF\2\1\1\0\0\0\0\0\0\0\0\0\3\0>\0\1\0\0\0\320\332\0\0\0\0\0\0"..., 832) = 832
fstat(3, {st_mode=S_IFREG|0755, st_size=340200, ...}) = 0
mmap(NULL, 2436136, PROT_READ|PROT_EXEC, MAP_PRIVATE|MAP_DENYWRITE, 3, 0) = 0x7f0d6abfc000
mprotect(0x7f0d6ac4d000, 2093056, PROT_NONE) = 0
mmap(0x7f0d6ae4c000, 12288, PROT_READ|PROT_WRITE, MAP_PRIVATE|MAP_FIXED|MAP_DENYWRITE, 3, 0x50000) = 0x7f0d6ae4c000
close(3)                                = 0
open("/lib64/libidn.so.11", O_RDONLY)   = 3
read(3, "\177ELF\2\1\1\0\0\0\0\0\0\0\0\0\3\0>\0\1\0\0\0\0/\0\0\0\0\0\0"..., 832) = 832
fstat(3, {st_mode=S_IFREG|0755, st_size=206672, ...}) = 0
mmap(NULL, 4096, PROT_READ|PROT_WRITE, MAP_PRIVATE|MAP_ANONYMOUS, -1, 0) = 0x7f0d6b06c000
mmap(NULL, 2301768, PROT_READ|PROT_EXEC, MAP_PRIVATE|MAP_DENYWRITE, 3, 0) = 0x7f0d6a9ca000
mprotect(0x7f0d6a9fc000, 2093056, PROT_NONE) = 0
mmap(0x7f0d6abfb000, 4096, PROT_READ|PROT_WRITE, MAP_PRIVATE|MAP_FIXED|MAP_DENYWRITE, 3, 0x31000) = 0x7f0d6abfb000
close(3)                                = 0
open("/lib64/libldap-2.4.so.2", O_RDONLY) = 3
read(3, "\177ELF\2\1\1\0\0\0\0\0\0\0\0\0\3\0>\0\1\0\0\0p\340\0\0\0\0\0\0"..., 832) = 832
fstat(3, {st_mode=S_IFREG|0755, st_size=305984, ...}) = 0
mmap(NULL, 2401240, PROT_READ|PROT_EXEC, MAP_PRIVATE|MAP_DENYWRITE, 3, 0) = 0x7f0d6a77f000
mprotect(0x7f0d6a7c7000, 2097152, PROT_NONE) = 0
mmap(0x7f0d6a9c7000, 12288, PROT_READ|PROT_WRITE, MAP_PRIVATE|MAP_FIXED|MAP_DENYWRITE, 3, 0x48000) = 0x7f0d6a9c7000
close(3)                                = 0
open("/lib64/librt.so.1", O_RDONLY)     = 3
read(3, "\177ELF\2\1\1\0\0\0\0\0\0\0\0\0\3\0>\0\1\0\0\0@!\0\0\0\0\0\0"..., 832) = 832
fstat(3, {st_mode=S_IFREG|0777, st_size=43872, ...}) = 0
mmap(NULL, 2128816, PROT_READ|PROT_EXEC, MAP_PRIVATE|MAP_DENYWRITE, 3, 0) = 0x7f0d6a577000
mprotect(0x7f0d6a57e000, 2093056, PROT_NONE) = 0
mmap(0x7f0d6a77d000, 8192, PROT_READ|PROT_WRITE, MAP_PRIVATE|MAP_FIXED|MAP_DENYWRITE, 3, 0x6000) = 0x7f0d6a77d000
close(3)                                = 0
open("/lib64/libgssapi_krb5.so.2", O_RDONLY) = 3
read(3, "\177ELF\2\1\1\0\0\0\0\0\0\0\0\0\3\0>\0\1\0\0\0\200\235\0\0\0\0\0\0"..., 832) = 832
fstat(3, {st_mode=S_IFREG|0777, st_size=269472, ...}) = 0
mmap(NULL, 4096, PROT_READ|PROT_WRITE, MAP_PRIVATE|MAP_ANONYMOUS, -1, 0) = 0x7f0d6af59000
mmap(NULL, 2365152, PROT_READ|PROT_EXEC, MAP_PRIVATE|MAP_DENYWRITE, 3, 0) = 0x7f0d6a335000
mprotect(0x7f0d6a374000, 2097152, PROT_NONE) = 0
mmap(0x7f0d6a574000, 12288, PROT_READ|PROT_WRITE, MAP_PRIVATE|MAP_FIXED|MAP_DENYWRITE, 3, 0x3f000) = 0x7f0d6a574000
close(3)                                = 0
open("/lib64/libkrb5.so.3", O_RDONLY)   = 3
read(3, "\177ELF\2\1\1\0\0\0\0\0\0\0\0\0\3\0>\0\1\0\0\0\20\246\1\0\0\0\0\0"..., 832) = 832
fstat(3, {st_mode=S_IFREG|0777, st_size=912944, ...}) = 0
mmap(NULL, 3008864, PROT_READ|PROT_EXEC, MAP_PRIVATE|MAP_DENYWRITE, 3, 0) = 0x7f0d6a056000
mprotect(0x7f0d6a12a000, 2097152, PROT_NONE) = 0
mmap(0x7f0d6a32a000, 45056, PROT_READ|PROT_WRITE, MAP_PRIVATE|MAP_FIXED|MAP_DENYWRITE, 3, 0xd4000) = 0x7f0d6a32a000
close(3)                                = 0
open("/lib64/libk5crypto.so.3", O_RDONLY) = 3
read(3, "\177ELF\2\1\1\0\0\0\0\0\0\0\0\0\3\0>\0\1\0\0\0\300G\0\0\0\0\0\0"..., 832) = 832
fstat(3, {st_mode=S_IFREG|0777, st_size=178952, ...}) = 0
mmap(NULL, 2275296, PROT_READ|PROT_EXEC, MAP_PRIVATE|MAP_DENYWRITE, 3, 0) = 0x7f0d69e2a000
mprotect(0x7f0d69e54000, 2093056, PROT_NONE) = 0
mmap(0x7f0d6a053000, 12288, PROT_READ|PROT_WRITE, MAP_PRIVATE|MAP_FIXED|MAP_DENYWRITE, 3, 0x29000) = 0x7f0d6a053000
close(3)                                = 0
open("/lib64/libcom_err.so.2", O_RDONLY) = 3
read(3, "\177ELF\2\1\1\0\0\0\0\0\0\0\0\0\3\0>\0\1\0\0\0\360\23\0\0\0\0\0\0"..., 832) = 832
fstat(3, {st_mode=S_IFREG|0777, st_size=14664, ...}) = 0
mmap(NULL, 4096, PROT_READ|PROT_WRITE, MAP_PRIVATE|MAP_ANONYMOUS, -1, 0) = 0x7f0d6af58000
mmap(NULL, 2109872, PROT_READ|PROT_EXEC, MAP_PRIVATE|MAP_DENYWRITE, 3, 0) = 0x7f0d69c26000
mprotect(0x7f0d69c29000, 2093056, PROT_NONE) = 0
mmap(0x7f0d69e28000, 8192, PROT_READ|PROT_WRITE, MAP_PRIVATE|MAP_FIXED|MAP_DENYWRITE, 3, 0x2000) = 0x7f0d69e28000
close(3)                                = 0
open("/usr/lib64/libssl3.so", O_RDONLY) = 3
read(3, "\177ELF\2\1\1\0\0\0\0\0\0\0\0\0\3\0>\0\1\0\0\0000\223\0\0\0\0\0\0"..., 832) = 832
fstat(3, {st_mode=S_IFREG|0755, st_size=237920, ...}) = 0
mmap(NULL, 2334816, PROT_READ|PROT_EXEC, MAP_PRIVATE|MAP_DENYWRITE, 3, 0) = 0x7f0d699eb000
mprotect(0x7f0d69a22000, 2097152, PROT_NONE) = 0
mmap(0x7f0d69c22000, 12288, PROT_READ|PROT_WRITE, MAP_PRIVATE|MAP_FIXED|MAP_DENYWRITE, 3, 0x37000) = 0x7f0d69c22000
mmap(0x7f0d69c25000, 96, PROT_READ|PROT_WRITE, MAP_PRIVATE|MAP_FIXED|MAP_ANONYMOUS, -1, 0) = 0x7f0d69c25000
close(3)                                = 0
open("/usr/lib64/libsmime3.so", O_RDONLY) = 3
read(3, "\177ELF\2\1\1\0\0\0\0\0\0\0\0\0\3\0>\0\1\0\0\0\260\233\0\0\0\0\0\0"..., 832) = 832
fstat(3, {st_mode=S_IFREG|0755, st_size=181136, ...}) = 0
mmap(NULL, 2276416, PROT_READ|PROT_EXEC, MAP_PRIVATE|MAP_DENYWRITE, 3, 0) = 0x7f0d697bf000
mprotect(0x7f0d697e7000, 2097152, PROT_NONE) = 0
mmap(0x7f0d699e7000, 16384, PROT_READ|PROT_WRITE, MAP_PRIVATE|MAP_FIXED|MAP_DENYWRITE, 3, 0x28000) = 0x7f0d699e7000
close(3)                                = 0
open("/usr/lib64/libnss3.so", O_RDONLY) = 3
read(3, "\177ELF\2\1\1\0\0\0\0\0\0\0\0\0\3\0>\0\1\0\0\0\240\212\1\0\0\0\0\0"..., 832) = 832
fstat(3, {st_mode=S_IFREG|0755, st_size=1283888, ...}) = 0
mmap(NULL, 4096, PROT_READ|PROT_WRITE, MAP_PRIVATE|MAP_ANONYMOUS, -1, 0) = 0x7f0d6af57000
mmap(NULL, 3385000, PROT_READ|PROT_EXEC, MAP_PRIVATE|MAP_DENYWRITE, 3, 0) = 0x7f0d69484000
mprotect(0x7f0d695b7000, 2093056, PROT_NONE) = 0
mmap(0x7f0d697b6000, 28672, PROT_READ|PROT_WRITE, MAP_PRIVATE|MAP_FIXED|MAP_DENYWRITE, 3, 0x132000) = 0x7f0d697b6000
mmap(0x7f0d697bd000, 5800, PROT_READ|PROT_WRITE, MAP_PRIVATE|MAP_FIXED|MAP_ANONYMOUS, -1, 0) = 0x7f0d697bd000
close(3)                                = 0
open("/usr/lib64/libnssutil3.so", O_RDONLY) = 3
read(3, "\177ELF\2\1\1\0\0\0\0\0\0\0\0\0\3\0>\0\1\0\0\0\0\251\0\0\0\0\0\0"..., 832) = 832
fstat(3, {st_mode=S_IFREG|0755, st_size=154456, ...}) = 0
mmap(NULL, 2251040, PROT_READ|PROT_EXEC, MAP_PRIVATE|MAP_DENYWRITE, 3, 0) = 0x7f0d6925e000
mprotect(0x7f0d6927e000, 2093056, PROT_NONE) = 0
mmap(0x7f0d6947d000, 28672, PROT_READ|PROT_WRITE, MAP_PRIVATE|MAP_FIXED|MAP_DENYWRITE, 3, 0x1f000) = 0x7f0d6947d000
close(3)                                = 0
open("/lib64/libplds4.so", O_RDONLY)    = 3
read(3, "\177ELF\2\1\1\0\0\0\0\0\0\0\0\0\3\0>\0\1\0\0\0\340\16\0\0\0\0\0\0"..., 832) = 832
fstat(3, {st_mode=S_IFREG|0755, st_size=14560, ...}) = 0
mmap(NULL, 2109776, PROT_READ|PROT_EXEC, MAP_PRIVATE|MAP_DENYWRITE, 3, 0) = 0x7f0d6905a000
mprotect(0x7f0d6905d000, 2093056, PROT_NONE) = 0
mmap(0x7f0d6925c000, 8192, PROT_READ|PROT_WRITE, MAP_PRIVATE|MAP_FIXED|MAP_DENYWRITE, 3, 0x2000) = 0x7f0d6925c000
close(3)                                = 0
open("/lib64/libplc4.so", O_RDONLY)     = 3
read(3, "\177ELF\2\1\1\0\0\0\0\0\0\0\0\0\3\0>\0\1\0\0\0\20\24\0\0\0\0\0\0"..., 832) = 832
fstat(3, {st_mode=S_IFREG|0755, st_size=18720, ...}) = 0
mmap(NULL, 4096, PROT_READ|PROT_WRITE, MAP_PRIVATE|MAP_ANONYMOUS, -1, 0) = 0x7f0d6af56000
mmap(NULL, 2113912, PROT_READ|PROT_EXEC, MAP_PRIVATE|MAP_DENYWRITE, 3, 0) = 0x7f0d68e55000
mprotect(0x7f0d68e59000, 2093056, PROT_NONE) = 0
mmap(0x7f0d69058000, 8192, PROT_READ|PROT_WRITE, MAP_PRIVATE|MAP_FIXED|MAP_DENYWRITE, 3, 0x3000) = 0x7f0d69058000
close(3)                                = 0
open("/lib64/libnspr4.so", O_RDONLY)    = 3
read(3, "\177ELF\2\1\1\0\0\0\0\0\0\0\0\0\3\0>\0\1\0\0\0\320\320\0\0\0\0\0\0"..., 832) = 832
fstat(3, {st_mode=S_IFREG|0755, st_size=240592, ...}) = 0
mmap(NULL, 2346304, PROT_READ|PROT_EXEC, MAP_PRIVATE|MAP_DENYWRITE, 3, 0) = 0x7f0d68c18000
mprotect(0x7f0d68c51000, 2093056, PROT_NONE) = 0
mmap(0x7f0d68e50000, 12288, PROT_READ|PROT_WRITE, MAP_PRIVATE|MAP_FIXED|MAP_DENYWRITE, 3, 0x38000) = 0x7f0d68e50000
mmap(0x7f0d68e53000, 7488, PROT_READ|PROT_WRITE, MAP_PRIVATE|MAP_FIXED|MAP_ANONYMOUS, -1, 0) = 0x7f0d68e53000
close(3)                                = 0
open("/lib64/libpthread.so.0", O_RDONLY) = 3
read(3, "\177ELF\2\1\1\0\0\0\0\0\0\0\0\0\3\0>\0\1\0\0\0\340]\0\0\0\0\0\0"..., 832) = 832
fstat(3, {st_mode=S_IFREG|0777, st_size=142640, ...}) = 0
mmap(NULL, 2212848, PROT_READ|PROT_EXEC, MAP_PRIVATE|MAP_DENYWRITE, 3, 0) = 0x7f0d689fb000
mprotect(0x7f0d68a12000, 2097152, PROT_NONE) = 0
mmap(0x7f0d68c12000, 8192, PROT_READ|PROT_WRITE, MAP_PRIVATE|MAP_FIXED|MAP_DENYWRITE, 3, 0x17000) = 0x7f0d68c12000
mmap(0x7f0d68c14000, 13296, PROT_READ|PROT_WRITE, MAP_PRIVATE|MAP_FIXED|MAP_ANONYMOUS, -1, 0) = 0x7f0d68c14000
close(3)                                = 0
open("/lib64/libdl.so.2", O_RDONLY)     = 3
read(3, "\177ELF\2\1\1\0\0\0\0\0\0\0\0\0\3\0>\0\1\0\0\0\340\r\0\0\0\0\0\0"..., 832) = 832
fstat(3, {st_mode=S_IFREG|0777, st_size=19536, ...}) = 0
mmap(NULL, 4096, PROT_READ|PROT_WRITE, MAP_PRIVATE|MAP_ANONYMOUS, -1, 0) = 0x7f0d6af55000
mmap(NULL, 2109696, PROT_READ|PROT_EXEC, MAP_PRIVATE|MAP_DENYWRITE, 3, 0) = 0x7f0d687f7000
mprotect(0x7f0d687f9000, 2097152, PROT_NONE) = 0
mmap(0x7f0d689f9000, 8192, PROT_READ|PROT_WRITE, MAP_PRIVATE|MAP_FIXED|MAP_DENYWRITE, 3, 0x2000) = 0x7f0d689f9000
close(3)                                = 0
open("/usr/lib64/libssh2.so.1", O_RDONLY) = 3
read(3, "\177ELF\2\1\1\0\0\0\0\0\0\0\0\0\3\0>\0\1\0\0\0pG\0\0\0\0\0\0"..., 832) = 832
fstat(3, {st_mode=S_IFREG|0755, st_size=161184, ...}) = 0
mmap(NULL, 2256472, PROT_READ|PROT_EXEC, MAP_PRIVATE|MAP_DENYWRITE, 3, 0) = 0x7f0d685d0000
mprotect(0x7f0d685f6000, 2097152, PROT_NONE) = 0
mmap(0x7f0d687f6000, 4096, PROT_READ|PROT_WRITE, MAP_PRIVATE|MAP_FIXED|MAP_DENYWRITE, 3, 0x26000) = 0x7f0d687f6000
close(3)                                = 0
open("/lib64/libz.so.1", O_RDONLY)      = 3
read(3, "\177ELF\2\1\1\0\0\0\0\0\0\0\0\0\3\0>\0\1\0\0\0000\37\0\0\0\0\0\0"..., 832) = 832
fstat(3, {st_mode=S_IFREG|0777, st_size=88520, ...}) = 0
mmap(NULL, 2183696, PROT_READ|PROT_EXEC, MAP_PRIVATE|MAP_DENYWRITE, 3, 0) = 0x7f0d683ba000
mprotect(0x7f0d683cf000, 2093056, PROT_NONE) = 0
mmap(0x7f0d685ce000, 8192, PROT_READ|PROT_WRITE, MAP_PRIVATE|MAP_FIXED|MAP_DENYWRITE, 3, 0x14000) = 0x7f0d685ce000
close(3)                                = 0
open("/lib64/libc.so.6", O_RDONLY)      = 3
read(3, "\177ELF\2\1\1\3\0\0\0\0\0\0\0\0\3\0>\0\1\0\0\0p\356\1\0\0\0\0\0"..., 832) = 832
fstat(3, {st_mode=S_IFREG|0777, st_size=1921176, ...}) = 0
mmap(NULL, 4096, PROT_READ|PROT_WRITE, MAP_PRIVATE|MAP_ANONYMOUS, -1, 0) = 0x7f0d6af54000
mmap(NULL, 3750152, PROT_READ|PROT_EXEC, MAP_PRIVATE|MAP_DENYWRITE, 3, 0) = 0x7f0d68026000
mprotect(0x7f0d681b0000, 2097152, PROT_NONE) = 0
mmap(0x7f0d683b0000, 20480, PROT_READ|PROT_WRITE, MAP_PRIVATE|MAP_FIXED|MAP_DENYWRITE, 3, 0x18a000) = 0x7f0d683b0000
mmap(0x7f0d683b5000, 18696, PROT_READ|PROT_WRITE, MAP_PRIVATE|MAP_FIXED|MAP_ANONYMOUS, -1, 0) = 0x7f0d683b5000
close(3)                                = 0
open("/lib64/liblber-2.4.so.2", O_RDONLY) = 3
read(3, "\177ELF\2\1\1\0\0\0\0\0\0\0\0\0\3\0>\0\1\0\0\0\3005\0\0\0\0\0\0"..., 832) = 832
fstat(3, {st_mode=S_IFREG|0755, st_size=60512, ...}) = 0
mmap(NULL, 2155816, PROT_READ|PROT_EXEC, MAP_PRIVATE|MAP_DENYWRITE, 3, 0) = 0x7f0d67e17000
mprotect(0x7f0d67e25000, 2093056, PROT_NONE) = 0
mmap(0x7f0d68024000, 8192, PROT_READ|PROT_WRITE, MAP_PRIVATE|MAP_FIXED|MAP_DENYWRITE, 3, 0xd000) = 0x7f0d68024000
close(3)                                = 0
open("/lib64/libresolv.so.2", O_RDONLY) = 3
read(3, "\177ELF\2\1\1\0\0\0\0\0\0\0\0\0\3\0>\0\1\0\0\00009\0\0\0\0\0\0"..., 832) = 832
fstat(3, {st_mode=S_IFREG|0777, st_size=110960, ...}) = 0
mmap(NULL, 2202248, PROT_READ|PROT_EXEC, MAP_PRIVATE|MAP_DENYWRITE, 3, 0) = 0x7f0d67bfd000
mprotect(0x7f0d67c13000, 2097152, PROT_NONE) = 0
mmap(0x7f0d67e13000, 8192, PROT_READ|PROT_WRITE, MAP_PRIVATE|MAP_FIXED|MAP_DENYWRITE, 3, 0x16000) = 0x7f0d67e13000
mmap(0x7f0d67e15000, 6792, PROT_READ|PROT_WRITE, MAP_PRIVATE|MAP_FIXED|MAP_ANONYMOUS, -1, 0) = 0x7f0d67e15000
close(3)                                = 0
mmap(NULL, 4096, PROT_READ|PROT_WRITE, MAP_PRIVATE|MAP_ANONYMOUS, -1, 0) = 0x7f0d6af53000
open("/usr/lib64/libsasl2.so.2", O_RDONLY) = 3
read(3, "\177ELF\2\1\1\0\0\0\0\0\0\0\0\0\3\0>\0\1\0\0\0\340F\0\0\0\0\0\0"..., 832) = 832
fstat(3, {st_mode=S_IFREG|0755, st_size=106160, ...}) = 0
mmap(NULL, 2201520, PROT_READ|PROT_EXEC, MAP_PRIVATE|MAP_DENYWRITE, 3, 0) = 0x7f0d679e3000
mprotect(0x7f0d679fc000, 2093056, PROT_NONE) = 0
mmap(0x7f0d67bfb000, 8192, PROT_READ|PROT_WRITE, MAP_PRIVATE|MAP_FIXED|MAP_DENYWRITE, 3, 0x18000) = 0x7f0d67bfb000
close(3)                                = 0
open("/lib64/libkrb5support.so.0", O_RDONLY) = 3
read(3, "\177ELF\2\1\1\0\0\0\0\0\0\0\0\0\3\0>\0\1\0\0\0@(\0\0\0\0\0\0"..., 832) = 832
fstat(3, {st_mode=S_IFREG|0777, st_size=43696, ...}) = 0
mmap(NULL, 2139184, PROT_READ|PROT_EXEC, MAP_PRIVATE|MAP_DENYWRITE, 3, 0) = 0x7f0d677d8000
mprotect(0x7f0d677e2000, 2093056, PROT_NONE) = 0
mmap(0x7f0d679e1000, 8192, PROT_READ|PROT_WRITE, MAP_PRIVATE|MAP_FIXED|MAP_DENYWRITE, 3, 0x9000) = 0x7f0d679e1000
close(3)                                = 0
open("/lib64/libkeyutils.so.1", O_RDONLY) = 3
read(3, "\177ELF\2\1\1\0\0\0\0\0\0\0\0\0\3\0>\0\1\0\0\0\360\v\0\0\0\0\0\0"..., 832) = 832
fstat(3, {st_mode=S_IFREG|0777, st_size=10192, ...}) = 0
mmap(NULL, 2105424, PROT_READ|PROT_EXEC, MAP_PRIVATE|MAP_DENYWRITE, 3, 0) = 0x7f0d675d5000
mprotect(0x7f0d675d7000, 2093056, PROT_NONE) = 0
mmap(0x7f0d677d6000, 8192, PROT_READ|PROT_WRITE, MAP_PRIVATE|MAP_FIXED|MAP_DENYWRITE, 3, 0x1000) = 0x7f0d677d6000
close(3)                                = 0
mmap(NULL, 4096, PROT_READ|PROT_WRITE, MAP_PRIVATE|MAP_ANONYMOUS, -1, 0) = 0x7f0d6af52000
open("/usr/lib64/libssl.so.10", O_RDONLY) = 3
read(3, "\177ELF\2\1\1\0\0\0\0\0\0\0\0\0\3\0>\0\1\0\0\0\340\202\1\0\0\0\0\0"..., 832) = 832
fstat(3, {st_mode=S_IFREG|0755, st_size=441240, ...}) = 0
mmap(NULL, 2536616, PROT_READ|PROT_EXEC, MAP_PRIVATE|MAP_DENYWRITE, 3, 0) = 0x7f0d67369000
mprotect(0x7f0d673cb000, 2093056, PROT_NONE) = 0
mmap(0x7f0d675ca000, 45056, PROT_READ|PROT_WRITE, MAP_PRIVATE|MAP_FIXED|MAP_DENYWRITE, 3, 0x61000) = 0x7f0d675ca000
close(3)                                = 0
open("/usr/lib64/libcrypto.so.10", O_RDONLY) = 3
read(3, "\177ELF\2\1\1\0\0\0\0\0\0\0\0\0\3\0>\0\1\0\0\0\300\234\6\0\0\0\0\0"..., 832) = 832
fstat(3, {st_mode=S_IFREG|0755, st_size=1963296, ...}) = 0
mmap(NULL, 4075384, PROT_READ|PROT_EXEC, MAP_PRIVATE|MAP_DENYWRITE, 3, 0) = 0x7f0d66f86000
mprotect(0x7f0d6713f000, 2093056, PROT_NONE) = 0
mmap(0x7f0d6733e000, 159744, PROT_READ|PROT_WRITE, MAP_PRIVATE|MAP_FIXED|MAP_DENYWRITE, 3, 0x1b8000) = 0x7f0d6733e000
mmap(0x7f0d67365000, 16248, PROT_READ|PROT_WRITE, MAP_PRIVATE|MAP_FIXED|MAP_ANONYMOUS, -1, 0) = 0x7f0d67365000
close(3)                                = 0
mmap(NULL, 4096, PROT_READ|PROT_WRITE, MAP_PRIVATE|MAP_ANONYMOUS, -1, 0) = 0x7f0d6af51000
open("/lib64/libcrypt.so.1", O_RDONLY)  = 3
read(3, "\177ELF\2\1\1\0\0\0\0\0\0\0\0\0\3\0>\0\1\0\0\0\0\f\0\0\0\0\0\0"..., 832) = 832
fstat(3, {st_mode=S_IFREG|0777, st_size=40400, ...}) = 0
mmap(NULL, 2318816, PROT_READ|PROT_EXEC, MAP_PRIVATE|MAP_DENYWRITE, 3, 0) = 0x7f0d66d4f000
mprotect(0x7f0d66d56000, 2097152, PROT_NONE) = 0
mmap(0x7f0d66f56000, 8192, PROT_READ|PROT_WRITE, MAP_PRIVATE|MAP_FIXED|MAP_DENYWRITE, 3, 0x7000) = 0x7f0d66f56000
mmap(0x7f0d66f58000, 184800, PROT_READ|PROT_WRITE, MAP_PRIVATE|MAP_FIXED|MAP_ANONYMOUS, -1, 0) = 0x7f0d66f58000
close(3)                                = 0
open("/lib64/libselinux.so.1", O_RDONLY) = 3
read(3, "\177ELF\2\1\1\0\0\0\0\0\0\0\0\0\3\0>\0\1\0\0\0PX\0\0\0\0\0\0"..., 832) = 832
fstat(3, {st_mode=S_IFREG|0777, st_size=122040, ...}) = 0
mmap(NULL, 2221912, PROT_READ|PROT_EXEC, MAP_PRIVATE|MAP_DENYWRITE, 3, 0) = 0x7f0d66b30000
mprotect(0x7f0d66b4d000, 2093056, PROT_NONE) = 0
mmap(0x7f0d66d4c000, 8192, PROT_READ|PROT_WRITE, MAP_PRIVATE|MAP_FIXED|MAP_DENYWRITE, 3, 0x1c000) = 0x7f0d66d4c000
mmap(0x7f0d66d4e000, 1880, PROT_READ|PROT_WRITE, MAP_PRIVATE|MAP_FIXED|MAP_ANONYMOUS, -1, 0) = 0x7f0d66d4e000
close(3)                                = 0
open("/lib64/libfreebl3.so", O_RDONLY)  = 3
read(3, "\177ELF\2\1\1\0\0\0\0\0\0\0\0\0\3\0>\0\1\0\0\0\2602\0\0\0\0\0\0"..., 832) = 832
fstat(3, {st_mode=S_IFREG|0777, st_size=383504, ...}) = 0
mmap(NULL, 4096, PROT_READ|PROT_WRITE, MAP_PRIVATE|MAP_ANONYMOUS, -1, 0) = 0x7f0d6af50000
mmap(NULL, 2496224, PROT_READ|PROT_EXEC, MAP_PRIVATE|MAP_DENYWRITE, 3, 0) = 0x7f0d668ce000
mprotect(0x7f0d6692b000, 2093056, PROT_NONE) = 0
mmap(0x7f0d66b2a000, 8192, PROT_READ|PROT_WRITE, MAP_PRIVATE|MAP_FIXED|MAP_DENYWRITE, 3, 0x5c000) = 0x7f0d66b2a000
mmap(0x7f0d66b2c000, 14048, PROT_READ|PROT_WRITE, MAP_PRIVATE|MAP_FIXED|MAP_ANONYMOUS, -1, 0) = 0x7f0d66b2c000
close(3)                                = 0
mmap(NULL, 4096, PROT_READ|PROT_WRITE, MAP_PRIVATE|MAP_ANONYMOUS, -1, 0) = 0x7f0d6af4f000
mmap(NULL, 4096, PROT_READ|PROT_WRITE, MAP_PRIVATE|MAP_ANONYMOUS, -1, 0) = 0x7f0d6af4e000
mmap(NULL, 4096, PROT_READ|PROT_WRITE, MAP_PRIVATE|MAP_ANONYMOUS, -1, 0) = 0x7f0d6af4d000
mmap(NULL, 8192, PROT_READ|PROT_WRITE, MAP_PRIVATE|MAP_ANONYMOUS, -1, 0) = 0x7f0d6af4b000
arch_prctl(ARCH_SET_FS, 0x7f0d6af4b7c0) = 0
mprotect(0x7f0d66b2a000, 4096, PROT_READ) = 0
mprotect(0x7f0d66d4c000, 4096, PROT_READ) = 0
mprotect(0x7f0d66f56000, 4096, PROT_READ) = 0
mprotect(0x7f0d6733e000, 110592, PROT_READ) = 0
mprotect(0x7f0d675ca000, 16384, PROT_READ) = 0
mprotect(0x7f0d677d6000, 4096, PROT_READ) = 0
mprotect(0x7f0d679e1000, 4096, PROT_READ) = 0
mprotect(0x7f0d67bfb000, 4096, PROT_READ) = 0
mprotect(0x7f0d67e13000, 4096, PROT_READ) = 0
mprotect(0x7f0d68024000, 4096, PROT_READ) = 0
mprotect(0x7f0d683b0000, 16384, PROT_READ) = 0
mprotect(0x7f0d685ce000, 4096, PROT_READ) = 0
mprotect(0x7f0d689f9000, 4096, PROT_READ) = 0
mprotect(0x7f0d68c12000, 4096, PROT_READ) = 0
mprotect(0x7f0d68e50000, 4096, PROT_READ) = 0
mprotect(0x7f0d69058000, 4096, PROT_READ) = 0
mprotect(0x7f0d6925c000, 4096, PROT_READ) = 0
mprotect(0x7f0d6947d000, 24576, PROT_READ) = 0
mprotect(0x7f0d697b6000, 20480, PROT_READ) = 0
mprotect(0x7f0d699e7000, 12288, PROT_READ) = 0
mprotect(0x7f0d69c22000, 8192, PROT_READ) = 0
mprotect(0x7f0d69e28000, 4096, PROT_READ) = 0
mprotect(0x7f0d6a053000, 8192, PROT_READ) = 0
mprotect(0x7f0d6a32a000, 36864, PROT_READ) = 0
mprotect(0x7f0d6a574000, 4096, PROT_READ) = 0
mprotect(0x7f0d6a77d000, 4096, PROT_READ) = 0
mprotect(0x7f0d6a9c7000, 4096, PROT_READ) = 0
mprotect(0x7f0d6b06e000, 4096, PROT_READ) = 0
munmap(0x7f0d6af5a000, 65166)           = 0
set_tid_address(0x7f0d6af4ba90)         = 26465
set_robust_list(0x7f0d6af4baa0, 0x18)   = 0
futex(0x7fff4564f87c, FUTEX_WAKE_PRIVATE, 1) = 0
futex(0x7fff4564f87c, FUTEX_WAIT_BITSET_PRIVATE|FUTEX_CLOCK_REALTIME, 1, NULL, 7f0d6af4b7c0) = -1 EAGAIN (Resource temporarily unavailable)
rt_sigaction(SIGRTMIN, {0x7f0d68a00c60, [], SA_RESTORER|SA_SIGINFO, 0x7f0d68a0a710}, NULL, 8) = 0
rt_sigaction(SIGRT_1, {0x7f0d68a00cf0, [], SA_RESTORER|SA_RESTART|SA_SIGINFO, 0x7f0d68a0a710}, NULL, 8) = 0
rt_sigprocmask(SIG_UNBLOCK, [RTMIN RT_1], NULL, 8) = 0
getrlimit(RLIMIT_STACK, {rlim_cur=8192*1024, rlim_max=RLIM_INFINITY}) = 0
statfs("/selinux", {f_type="EXT2_SUPER_MAGIC", f_bsize=4096, f_blocks=2581250, f_bfree=842287, f_bavail=711167, f_files=1311552, f_ffree=1061103, f_fsid={-1248962168, 1615942111}, f_namelen=255, f_frsize=4096}) = 0
brk(0)                                  = 0x21f7000
brk(0x2218000)                          = 0x2218000
open("/proc/filesystems", O_RDONLY)     = 3
fstat(3, {st_mode=S_IFREG|0775, st_size=0, ...}) = 0
mmap(NULL, 4096, PROT_READ|PROT_WRITE, MAP_PRIVATE|MAP_ANONYMOUS, -1, 0) = 0x7f0d6af69000
read(3, "nodev\tsysfs\nnodev\trootfs\nnodev\tb"..., 1024) = 346
read(3, "", 1024)                       = 0
close(3)                                = 0
munmap(0x7f0d6af69000, 4096)            = 0
access("/usr/share/dracut/modules.d/01fips", F_OK) = -1 ENOENT (No such file or directory)
pipe([3, 4])                            = 0
close(3)                                = 0
close(4)                                = 0
futex(0x7f0d689fa0ec, FUTEX_WAKE_PRIVATE, 2147483647) = 0
sched_get_priority_min(SCHED_OTHER)     = 0
sched_get_priority_max(SCHED_OTHER)     = 0
sched_getparam(26465, { 0 })            = 0
sched_getscheduler(26465)               = 0 (SCHED_OTHER)
sched_setscheduler(26465, SCHED_OTHER, { 0 }) = 0
rt_sigaction(SIGPIPE, {SIG_IGN, [], SA_RESTORER, 0x7f0d68a0a710}, NULL, 8) = 0
open("/usr/lib/locale/locale-archive", O_RDONLY) = 3
fstat(3, {st_mode=S_IFREG|0644, st_size=99158720, ...}) = 0
mmap(NULL, 99158720, PROT_READ, MAP_PRIVATE, 3, 0) = 0x7f0d60a3d000
close(3)                                = 0
open("/usr/local/app/.curlrc", O_RDONLY) = -1 ENOENT (No such file or directory)
ioctl(1, SNDCTL_TMR_TIMEBASE or TCGETS, {B38400 opost isig icanon echo ...}) = 0
socket(PF_INET6, SOCK_DGRAM, IPPROTO_IP) = 3
close(3)                                = 0
socket(PF_NETLINK, SOCK_RAW, 0)         = 3
bind(3, {sa_family=AF_NETLINK, pid=0, groups=00000000}, 12) = 0
getsockname(3, {sa_family=AF_NETLINK, pid=26465, groups=00000000}, [12]) = 0
sendto(3, "\24\0\0\0\26\0\1\3c\3\250W\0\0\0\0\0\0\0\0", 20, 0, {sa_family=AF_NETLINK, pid=0, groups=00000000}, 12) = 20
recvmsg(3, {msg_name(12)={sa_family=AF_NETLINK, pid=0, groups=00000000}, msg_iov(1)=[{"0\0\0\0\24\0\2\0c\3\250Wag\0\0\2\10\200\376\1\0\0\0\10\0\1\0\177\0\0\1"..., 4096}], msg_controllen=0, msg_flags=0}, 0) = 288
recvmsg(3, {msg_name(12)={sa_family=AF_NETLINK, pid=0, groups=00000000}, msg_iov(1)=[{"\24\0\0\0\3\0\2\0c\3\250Wag\0\0\0\0\0\0\1\0\0\0\10\0\1\0\177\0\0\1"..., 4096}], msg_controllen=0, msg_flags=0}, 0) = 20
close(3)                                = 0
socket(PF_FILE, SOCK_STREAM|SOCK_CLOEXEC|SOCK_NONBLOCK, 0) = 3
connect(3, {sa_family=AF_FILE, path="/var/run/nscd/socket"}, 110) = 0
sendto(3, "\2\0\0\0\r\0\0\0\6\0\0\0hosts\0", 18, MSG_NOSIGNAL, NULL, 0) = 18
poll([{fd=3, events=POLLIN|POLLERR|POLLHUP}], 1, 5000) = 1 ([{fd=3, revents=POLLIN|POLLHUP}])
recvmsg(3, {msg_name(0)=NULL, msg_iov(2)=[{"hosts\0", 6}, {"\270O\3\0\0\0\0\0", 8}], msg_controllen=24, {cmsg_len=20, cmsg_level=SOL_SOCKET, cmsg_type=SCM_RIGHTS, {4}}, msg_flags=MSG_CMSG_CLOEXEC}, MSG_CMSG_CLOEXEC) = 14
mmap(NULL, 217016, PROT_READ, MAP_SHARED, 4, 0) = 0x7f0d6af16000
close(4)                                = 0
close(3)                                = 0
socket(PF_INET6, SOCK_STREAM, IPPROTO_TCP) = 3
setsockopt(3, SOL_SOCKET, SO_KEEPALIVE, [1], 4) = 0
fcntl(3, F_GETFL)                       = 0x2 (flags O_RDWR)
fcntl(3, F_SETFL, O_RDWR|O_NONBLOCK)    = 0
connect(3, {sa_family=AF_INET6, sin6_port=htons(80), inet_pton(AF_INET6, "2400:8901:1::8ba2:1a0a", &sin6_addr), sin6_flowinfo=0, sin6_scope_id=0}, 28) = -1 ENETUNREACH (Network is unreachable)
open("/usr/share/locale/locale.alias", O_RDONLY) = 4
fstat(4, {st_mode=S_IFREG|0644, st_size=2512, ...}) = 0
mmap(NULL, 4096, PROT_READ|PROT_WRITE, MAP_PRIVATE|MAP_ANONYMOUS, -1, 0) = 0x7f0d6af69000
read(4, "# Locale name alias data base.\n#"..., 4096) = 2512
read(4, "", 4096)                       = 0
close(4)                                = 0
munmap(0x7f0d6af69000, 4096)            = 0
open("/usr/share/locale/en_US.UTF-8/LC_MESSAGES/libc.mo", O_RDONLY) = -1 ENOENT (No such file or directory)
open("/usr/share/locale/en_US.utf8/LC_MESSAGES/libc.mo", O_RDONLY) = -1 ENOENT (No such file or directory)
open("/usr/share/locale/en_US/LC_MESSAGES/libc.mo", O_RDONLY) = -1 ENOENT (No such file or directory)
open("/usr/share/locale/en.UTF-8/LC_MESSAGES/libc.mo", O_RDONLY) = -1 ENOENT (No such file or directory)
open("/usr/share/locale/en.utf8/LC_MESSAGES/libc.mo", O_RDONLY) = -1 ENOENT (No such file or directory)
open("/usr/share/locale/en/LC_MESSAGES/libc.mo", O_RDONLY) = -1 ENOENT (No such file or directory)
getsockopt(3, SOL_SOCKET, SO_ERROR, [-4294967296], [4]) = 0
close(3)                                = 0
write(2, "c", 1)                        = 1
write(2, "u", 1)                        = 1
write(2, "r", 1)                        = 1
write(2, "l", 1)                        = 1
write(2, ":", 1)                        = 1
write(2, " ", 1)                        = 1
write(2, "(", 1)                        = 1
write(2, "7", 1)                        = 1
write(2, ")", 1)                        = 1
write(2, " ", 1)                        = 1
write(2, "F", 1)                        = 1
write(2, "a", 1)                        = 1
write(2, "i", 1)                        = 1
write(2, "l", 1)                        = 1
write(2, "e", 1)                        = 1
write(2, "d", 1)                        = 1
write(2, " ", 1)                        = 1
write(2, "t", 1)                        = 1
write(2, "o", 1)                        = 1
write(2, " ", 1)                        = 1
write(2, "c", 1)                        = 1
write(2, "o", 1)                        = 1
write(2, "n", 1)                        = 1
write(2, "n", 1)                        = 1
write(2, "e", 1)                        = 1
write(2, "c", 1)                        = 1
write(2, "t", 1)                        = 1
write(2, " ", 1)                        = 1
write(2, "t", 1)                        = 1
write(2, "o", 1)                        = 1
write(2, " ", 1)                        = 1
write(2, "2", 1)                        = 1
write(2, "4", 1)                        = 1
write(2, "0", 1)                        = 1
write(2, "0", 1)                        = 1
write(2, ":", 1)                        = 1
write(2, "8", 1)                        = 1
write(2, "9", 1)                        = 1
write(2, "0", 1)                        = 1
write(2, "1", 1)                        = 1
write(2, ":", 1)                        = 1
write(2, "1", 1)                        = 1
write(2, ":", 1)                        = 1
write(2, ":", 1)                        = 1
write(2, "8", 1)                        = 1
write(2, "b", 1)                        = 1
write(2, "a", 1)                        = 1
write(2, "2", 1)                        = 1
write(2, ":", 1)                        = 1
write(2, "1", 1)                        = 1
write(2, "a", 1)                        = 1
write(2, "0", 1)                        = 1
write(2, "a", 1)                        = 1
write(2, ":", 1)                        = 1
write(2, " ", 1)                        = 1
write(2, "N", 1)                        = 1
write(2, "e", 1)                        = 1
write(2, "t", 1)                        = 1
write(2, "w", 1)                        = 1
write(2, "o", 1)                        = 1
write(2, "r", 1)                        = 1
write(2, "k", 1)                        = 1
write(2, " ", 1)                        = 1
write(2, "i", 1)                        = 1
write(2, "s", 1)                        = 1
write(2, " ", 1)                        = 1
write(2, "u", 1)                        = 1
write(2, "n", 1)                        = 1
write(2, "r", 1)                        = 1
write(2, "e", 1)                        = 1
write(2, "a", 1)                        = 1
write(2, "c", 1)                        = 1
write(2, "h", 1)                        = 1
write(2, "a", 1)                        = 1
write(2, "b", 1)                        = 1
write(2, "l", 1)                        = 1
write(2, "e", 1)                        = 1
write(2, "\n", 1)                       = 1
exit_group(7)                           = ?
